<?xml version="1.0" encoding="UTF-8" ?>
<testsuite failures="0" time="0.094" errors="0" skipped="0" tests="3" name="com.company.BootstrapTest">
  <properties>
    <property name="java.vendor" value="Sun Microsystems Inc."/>
    <property name="localRepository" value="D:\Documents and Settings\anartaud\.m2\repository"/>
    <property name="env.DEFLOGDIR" value="D:\Documents and Settings\All Users\Application Data\McAfee\DesktopProtection"/>
    <property name="sun.java.launcher" value="SUN_STANDARD"/>
    <property name="env.TVT" value="C:\Program Files\Lenovo"/>
    <property name="sun.management.compiler" value="HotSpot Client Compiler"/>
    <property name="env.PROMPT" value="$P$G"/>
    <property name="os.name" value="Windows XP"/>
    <property name="env.FP_NO_HOST_CHECK" value="NO"/>
    <property name="sun.boot.class.path" value="C:\Program Files\Java\jdk1.6.0_11\jre\lib\resources.jar;C:\Program Files\Java\jdk1.6.0_11\jre\lib\rt.jar;C:\Program Files\Java\jdk1.6.0_11\jre\lib\sunrsasign.jar;C:\Program Files\Java\jdk1.6.0_11\jre\lib\jsse.jar;C:\Program Files\Java\jdk1.6.0_11\jre\lib\jce.jar;C:\Program Files\Java\jdk1.6.0_11\jre\lib\charsets.jar;C:\Program Files\Java\jdk1.6.0_11\jre\classes"/>
    <property name="env.COMPUTERNAME" value="ICS034818"/>
    <property name="env.ALLUSERSPROFILE" value="D:\Documents and Settings\All Users"/>
    <property name="env.GTK_HOME" value="C:\Program Files\Gtk+"/>
    <property name="sun.desktop" value="windows"/>
    <property name="java.vm.specification.vendor" value="Sun Microsystems Inc."/>
    <property name="env.WAS_HOME" value="C:\Progra~1\IBM\WebSphere\AppServer1"/>
    <property name="java.runtime.version" value="1.6.0_11-b03"/>
    <property name="env.HOMEPATH" value="\Documents and Settings\anartaud"/>
    <property name="env.TPCCommon" value="C:\PROGRA~1\THINKV~1\PrdCtr"/>
    <property name="user.name" value="ANARTAUD"/>
    <property name="env.SWSHARE" value="C:\SWSHARE"/>
    <property name="env.http_proxy2" value="http://aa039e1a:G5SDPWRK@pcyvipncp2n.edf.fr:3128"/>
    <property name="user.language" value="fr"/>
    <property name="sun.boot.library.path" value="C:\Program Files\Java\jdk1.6.0_11\jre\bin"/>
    <property name="java.version" value="1.6.0_11"/>
    <property name="env.PROCESSOR_IDENTIFIER" value="x86 Family 6 Model 23 Stepping 6, GenuineIntel"/>
    <property name="user.timezone" value=""/>
    <property name="env.INCLUDE" value="C:\Program Files\Gtk+\include"/>
    <property name="env.TEMP" value="D:\DOCUME~1\anartaud\LOCALS~1\Temp"/>
    <property name="sun.arch.data.model" value="32"/>
    <property name="java.endorsed.dirs" value="C:\Program Files\Java\jdk1.6.0_11\jre\lib\endorsed"/>
    <property name="env.VSEDEFLOGDIR" value="C:\Documents and Settings\All Users\Application Data\McAfee\DesktopProtection"/>
    <property name="env. MAVEN_OPTS" value="-Xmx1024m -Xms512m"/>
    <property name="sun.cpu.isalist" value="pentium_pro+mmx pentium_pro pentium+mmx pentium i486 i386 i86"/>
    <property name="env.HOMEDRIVE" value="D:"/>
    <property name="sun.jnu.encoding" value="Cp1252"/>
    <property name="file.encoding.pkg" value="sun.io"/>
    <property name="env.TVTPYDIR" value="C:\Program Files\Fichiers communs\Lenovo\Python24"/>
    <property name="file.separator" value="\"/>
    <property name="java.specification.name" value="Java Platform API Specification"/>
    <property name="java.class.version" value="50.0"/>
    <property name="user.country" value="FR"/>
    <property name="java.home" value="C:\Program Files\Java\jdk1.6.0_11\jre"/>
    <property name="env.APPDATA" value="D:\Documents and Settings\anartaud\Application Data"/>
    <property name="java.vm.info" value="mixed mode"/>
    <property name="env.ComSpec" value="C:\WINDOWS\system32\cmd.exe"/>
    <property name="env.OS" value="Windows_NT"/>
    <property name="env.CommonProgramFiles" value="C:\Program Files\Fichiers communs"/>
    <property name="os.version" value="5.1"/>
    <property name="path.separator" value=";"/>
    <property name="java.vm.version" value="11.0-b16"/>
    <property name="env.TVTCOMMON" value="C:\Program Files\Fichiers communs\Lenovo"/>
    <property name="env.APR_ICONV1_PATH" value="C:\Program Files\CollabNet Subversion Server\httpd\bin\iconv"/>
    <property name="env.USERPROFILE" value="D:\Documents and Settings\anartaud"/>
    <property name="user.variant" value=""/>
    <property name="env.LIB" value="C:\Program Files\Gtk+\lib"/>
    <property name="env.EMC_AUTOPLAY" value="C:\Program Files\Fichiers communs\Roxio Shared\"/>
    <property name="env.JAVA_HOME" value="C:\Program Files\Java\jdk1.6.0_11"/>
    <property name="java.awt.printerjob" value="sun.awt.windows.WPrinterJob"/>
    <property name="env.TMP" value="D:\DOCUME~1\anartaud\LOCALS~1\Temp"/>
    <property name="sun.io.unicode.encoding" value="UnicodeLittle"/>
    <property name="awt.toolkit" value="sun.awt.windows.WToolkit"/>
    <property name="user.home" value="D:\Documents and Settings\anartaud"/>
    <property name="env.SESSIONNAME" value="Console"/>
    <property name="java.specification.vendor" value="Sun Microsystems Inc."/>
    <property name="env.RoxioCentral" value="C:\Program Files\Fichiers communs\Roxio Shared\10.0\Roxio Central36\"/>
    <property name="env.M2_HOME" value="C:\Program Files\Apache Software Foundation\apache-maven-2.2.1"/>
    <property name="env.NUMBER_OF_PROCESSORS" value="2"/>
    <property name="java.library.path" value="C:\Program Files\Java\jdk1.6.0_11\bin;.;C:\WINDOWS\Sun\Java\bin;C:\WINDOWS\system32;C:\WINDOWS;C:/Program Files/Java/jre6/bin/client;C:/Program Files/Java/jre6/bin;C:\oraclexe\app\oracle\product\10.2.0\server\bin;C:\Perl\site\bin;C:\Perl\bin;C:\Program Files\CollabNet Subversion Server;D:\oracle\product\10.2.0\client_2;D:\oracle\product\10.2.0\client_1\bin;C:\WINDOWS\system32;C:\WINDOWS;C:\WINDOWS\System32\Wbem;C:\Program Files\Fichiers communs\Lenovo;C:\Program Files\Fichiers communs\Roxio Shared\10.0\DLLShared\;C:\Program Files\Fichiers communs\Roxio Shared\DLLShared\;C:\Program Files\Fichiers communs\Roxio Shared\DLLShared\;C:\Program Files\Fichiers communs\Roxio Shared\10.0\DLLShared\;C:\Program Files\Intel\WiFi\bin\;C:\Program Files\ThinkPad\ConnectUtilities;C:\Program Files\Lenovo\Client Security Solution;C:\Program Files\TortoiseSVN\bin;C:\Program Files\Fichiers communs\GTK\2.0;C:\Perl\site\bin;C:\Perl\bin;C:\Program Files\CollabNet Subversion Server;D:\oracle\product\10.2.0\client_2;D:\oracle\product\10.2.0\client_1\bin;C:\WINDOWS\system32;C:\WINDOWS;C:\WINDOWS\System32\Wbem;C:\Program Files\Fichiers communs\Lenovo;C:\Program Files\Fichiers communs\Roxio Shared\10.0\DLLShared\;C:\Program Files\Fichiers communs\Roxio Shared\DLLShared\;C:\Program Files\Fichiers communs\Roxio Shared\DLLShared\;C:\Program Files\Fichiers communs\Roxio Shared\10.0\DLLShared\;C:\Program Files\Intel\WiFi\bin\;C:\Program Files\ThinkPad\ConnectUtilities;C:\Program Files\Lenovo\Client Security Solution;C:\Program Files\TortoiseSVN\bin;C:\Program Files\Windows Imaging\;C:\Program Files\Graphviz2.24\bin;C:\Program Files\MiKTeX 2.7\miktex\bin;C:\Program Files\Apache Software Foundation\apache-maven-2.2.1\bin;C:\Program Files\Java\jdk1.6.0_11\bin;C:\Python26;C:\gcc\bin;C:\Program Files\Gtk+\bin;C:\apache-ant-1.7.1\bin;C:\Program Files\Graphviz2.24\bin"/>
    <property name="java.vendor.url" value="http://java.sun.com/"/>
    <property name="env.SMA" value="C:\Program Files\ThinkVantage\SMA\"/>
    <property name="env.USERDNSDOMAIN" value="CORP.CAPGEMINI.COM"/>
    <property name="java.vm.vendor" value="Sun Microsystems Inc."/>
    <property name="java.runtime.name" value="Java(TM) SE Runtime Environment"/>
    <property name="java.class.path" value="/D:/Eclipse3.4/eclipse/plugins/org.maven.ide.components.maven_embedder_2.1.0.20080530-2300/jars/aspectjrt-1.5.3.jar;/D:/Eclipse3.4/eclipse/plugins/org.maven.ide.components.maven_embedder_2.1.0.20080530-2300/jars/commons-cli-1.0.jar;/D:/Eclipse3.4/eclipse/plugins/org.maven.ide.components.maven_embedder_2.1.0.20080530-2300/jars/doxia-sink-api-1.0-alpha-9.jar;/D:/Eclipse3.4/eclipse/plugins/org.maven.ide.components.maven_embedder_2.1.0.20080530-2300/jars/jsch-0.1.27.jar;/D:/Eclipse3.4/eclipse/plugins/org.maven.ide.components.maven_embedder_2.1.0.20080530-2300/jars/jtidy-4aug2000r7-dev.jar;/D:/Eclipse3.4/eclipse/plugins/org.maven.ide.components.maven_embedder_2.1.0.20080530-2300/jars/maven-artifact-3.0-SNAPSHOT.jar;/D:/Eclipse3.4/eclipse/plugins/org.maven.ide.components.maven_embedder_2.1.0.20080530-2300/jars/maven-core-2.1-SNAPSHOT.jar;/D:/Eclipse3.4/eclipse/plugins/org.maven.ide.components.maven_embedder_2.1.0.20080530-2300/jars/maven-embedder-2.1-SNAPSHOT.jar;/D:/Eclipse3.4/eclipse/plugins/org.maven.ide.components.maven_embedder_2.1.0.20080530-2300/jars/maven-lifecycle-2.1-SNAPSHOT.jar;/D:/Eclipse3.4/eclipse/plugins/org.maven.ide.components.maven_embedder_2.1.0.20080530-2300/jars/maven-model-2.1-SNAPSHOT.jar;/D:/Eclipse3.4/eclipse/plugins/org.maven.ide.components.maven_embedder_2.1.0.20080530-2300/jars/maven-plugin-api-2.1-SNAPSHOT.jar;/D:/Eclipse3.4/eclipse/plugins/org.maven.ide.components.maven_embedder_2.1.0.20080530-2300/jars/maven-profile-2.1-SNAPSHOT.jar;/D:/Eclipse3.4/eclipse/plugins/org.maven.ide.components.maven_embedder_2.1.0.20080530-2300/jars/maven-project-2.1-SNAPSHOT.jar;/D:/Eclipse3.4/eclipse/plugins/org.maven.ide.components.maven_embedder_2.1.0.20080530-2300/jars/maven-reporting-api-2.1-SNAPSHOT.jar;/D:/Eclipse3.4/eclipse/plugins/org.maven.ide.components.maven_embedder_2.1.0.20080530-2300/jars/maven-toolchain-2.1-SNAPSHOT.jar;/D:/Eclipse3.4/eclipse/plugins/org.maven.ide.components.maven_embedder_2.1.0.20080530-2300/jars/maven-workspace-2.1-SNAPSHOT.jar;/D:/Eclipse3.4/eclipse/plugins/org.maven.ide.components.maven_embedder_2.1.0.20080530-2300/jars/plexus-classworlds-1.2-alpha-12.jar;/D:/Eclipse3.4/eclipse/plugins/org.maven.ide.components.maven_embedder_2.1.0.20080530-2300/jars/plexus-container-default-1.0-alpha-44.jar;/D:/Eclipse3.4/eclipse/plugins/org.maven.ide.components.maven_embedder_2.1.0.20080530-2300/jars/plexus-interactivity-api-1.0-alpha-6.jar;/D:/Eclipse3.4/eclipse/plugins/org.maven.ide.components.maven_embedder_2.1.0.20080530-2300/jars/plexus-interpolation-1.0-SNAPSHOT.jar;/D:/Eclipse3.4/eclipse/plugins/org.maven.ide.components.maven_embedder_2.1.0.20080530-2300/jars/plexus-utils-1.5.1.jar;/D:/Eclipse3.4/eclipse/plugins/org.maven.ide.components.maven_embedder_2.1.0.20080530-2300/jars/wagon-file-1.0-beta-2.jar;/D:/Eclipse3.4/eclipse/plugins/org.maven.ide.components.maven_embedder_2.1.0.20080530-2300/jars/wagon-http-lightweight-1.0-beta-2.jar;/D:/Eclipse3.4/eclipse/plugins/org.maven.ide.components.maven_embedder_2.1.0.20080530-2300/jars/wagon-http-shared-1.0-beta-2.jar;/D:/Eclipse3.4/eclipse/plugins/org.maven.ide.components.maven_embedder_2.1.0.20080530-2300/jars/wagon-provider-api-1.0-beta-2.jar;/D:/Eclipse3.4/eclipse/plugins/org.maven.ide.components.maven_embedder_2.1.0.20080530-2300/jars/wagon-ssh-1.0-beta-2.jar;/D:/Eclipse3.4/eclipse/plugins/org.maven.ide.components.maven_embedder_2.1.0.20080530-2300/jars/wagon-ssh-common-1.0-beta-2.jar;/D:/Eclipse3.4/eclipse/plugins/org.maven.ide.components.maven_embedder_2.1.0.20080530-2300/jars/wagon-ssh-external-1.0-beta-2.jar"/>
    <property name="java.vm.specification.name" value="Java Virtual Machine Specification"/>
    <property name="env.windir" value="C:\WINDOWS"/>
    <property name="env.LOGONSERVER" value="\\WAD05"/>
    <property name="java.vm.specification.version" value="1.0"/>
    <property name="env.PROCESSOR_ARCHITECTURE" value="x86"/>
    <property name="sun.os.patch.level" value="Service Pack 3"/>
    <property name="sun.cpu.endian" value="little"/>
    <property name="env.ProgramFiles" value="C:\Program Files"/>
    <property name="env.ANT_HOME" value="C:\apache-ant-1.7.1"/>
    <property name="surefire.test.class.path" value="C:\workspace-PRT\hibernate-validator-demo\target\test-classes;C:\workspace-PRT\hibernate-validator-demo\target\classes;D:\Documents and Settings\anartaud\.m2\repository\org\hibernate\hibernate-validator\4.0.1.GA\hibernate-validator-4.0.1.GA.jar;D:\Documents and Settings\anartaud\.m2\repository\javax\validation\validation-api\1.0.0.GA\validation-api-1.0.0.GA.jar;D:\Documents and Settings\anartaud\.m2\repository\org\slf4j\slf4j-api\1.5.6\slf4j-api-1.5.6.jar;D:\Documents and Settings\anartaud\.m2\repository\javax\xml\bind\jaxb-api\2.1\jaxb-api-2.1.jar;D:\Documents and Settings\anartaud\.m2\repository\javax\xml\stream\stax-api\1.0-2\stax-api-1.0-2.jar;D:\Documents and Settings\anartaud\.m2\repository\javax\activation\activation\1.1\activation-1.1.jar;D:\Documents and Settings\anartaud\.m2\repository\com\sun\xml\bind\jaxb-impl\2.1.3\jaxb-impl-2.1.3.jar;D:\Documents and Settings\anartaud\.m2\repository\org\hibernate\hibernate-annotations\3.4.0.GA\hibernate-annotations-3.4.0.GA.jar;D:\Documents and Settings\anartaud\.m2\repository\org\hibernate\ejb3-persistence\1.0.2.GA\ejb3-persistence-1.0.2.GA.jar;D:\Documents and Settings\anartaud\.m2\repository\org\hibernate\hibernate-commons-annotations\3.1.0.GA\hibernate-commons-annotations-3.1.0.GA.jar;D:\Documents and Settings\anartaud\.m2\repository\org\hibernate\hibernate-core\3.3.0.SP1\hibernate-core-3.3.0.SP1.jar;D:\Documents and Settings\anartaud\.m2\repository\antlr\antlr\2.7.6\antlr-2.7.6.jar;D:\Documents and Settings\anartaud\.m2\repository\commons-collections\commons-collections\3.1\commons-collections-3.1.jar;D:\Documents and Settings\anartaud\.m2\repository\dom4j\dom4j\1.6.1\dom4j-1.6.1.jar;D:\Documents and Settings\anartaud\.m2\repository\xml-apis\xml-apis\1.0.b2\xml-apis-1.0.b2.jar;D:\Documents and Settings\anartaud\.m2\repository\javax\transaction\jta\1.1\jta-1.1.jar;D:\Documents and Settings\anartaud\.m2\repository\org\slf4j\slf4j-simple\1.4.2\slf4j-simple-1.4.2.jar;D:\Documents and Settings\anartaud\.m2\repository\junit\junit\4.5\junit-4.5.jar;"/>
    <property name="java.io.tmpdir" value="D:\DOCUME~1\anartaud\LOCALS~1\Temp\"/>
    <property name="env.PROCESSOR_REVISION" value="1706"/>
    <property name="env.UATDATA" value="C:\WINDOWS\system32\CCM\UATData\D9F8C395-CAB8-491d-B8AC-179A1FE1BE77"/>
    <property name="java.vendor.url.bug" value="http://java.sun.com/cgi-bin/bugreport.cgi"/>
    <property name="env.SystemRoot" value="C:\WINDOWS"/>
    <property name="java.awt.graphicsenv" value="sun.awt.Win32GraphicsEnvironment"/>
    <property name="os.arch" value="x86"/>
    <property name="java.ext.dirs" value="C:\Program Files\Java\jdk1.6.0_11\jre\lib\ext;C:\WINDOWS\Sun\Java\lib\ext"/>
    <property name="user.dir" value="C:\workspace-PRT\hibernate-validator-demo"/>
    <property name="line.separator" value="
"/>
    <property name="java.vm.name" value="Java HotSpot(TM) Client VM"/>
    <property name="env.PATHEXT" value=".COM;.EXE;.BAT;.CMD;.VBS;.VBE;.JS;.JSE;.WSF;.WSH"/>
    <property name="env.Path" value="C:/Program Files/Java/jre6/bin/client;C:/Program Files/Java/jre6/bin;C:\oraclexe\app\oracle\product\10.2.0\server\bin;C:\Perl\site\bin;C:\Perl\bin;C:\Program Files\CollabNet Subversion Server;D:\oracle\product\10.2.0\client_2;D:\oracle\product\10.2.0\client_1\bin;C:\WINDOWS\system32;C:\WINDOWS;C:\WINDOWS\System32\Wbem;C:\Program Files\Fichiers communs\Lenovo;C:\Program Files\Fichiers communs\Roxio Shared\10.0\DLLShared\;C:\Program Files\Fichiers communs\Roxio Shared\DLLShared\;C:\Program Files\Fichiers communs\Roxio Shared\DLLShared\;C:\Program Files\Fichiers communs\Roxio Shared\10.0\DLLShared\;C:\Program Files\Intel\WiFi\bin\;C:\Program Files\ThinkPad\ConnectUtilities;C:\Program Files\Lenovo\Client Security Solution;C:\Program Files\TortoiseSVN\bin;C:\Program Files\Fichiers communs\GTK\2.0;C:\Perl\site\bin;C:\Perl\bin;C:\Program Files\CollabNet Subversion Server;D:\oracle\product\10.2.0\client_2;D:\oracle\product\10.2.0\client_1\bin;C:\WINDOWS\system32;C:\WINDOWS;C:\WINDOWS\System32\Wbem;C:\Program Files\Fichiers communs\Lenovo;C:\Program Files\Fichiers communs\Roxio Shared\10.0\DLLShared\;C:\Program Files\Fichiers communs\Roxio Shared\DLLShared\;C:\Program Files\Fichiers communs\Roxio Shared\DLLShared\;C:\Program Files\Fichiers communs\Roxio Shared\10.0\DLLShared\;C:\Program Files\Intel\WiFi\bin\;C:\Program Files\ThinkPad\ConnectUtilities;C:\Program Files\Lenovo\Client Security Solution;C:\Program Files\TortoiseSVN\bin;C:\Program Files\Windows Imaging\;C:\Program Files\Graphviz2.24\bin;C:\Program Files\MiKTeX 2.7\miktex\bin;C:\Program Files\Apache Software Foundation\apache-maven-2.2.1\bin;C:\Program Files\Java\jdk1.6.0_11\bin;C:\Python26;C:\gcc\bin;C:\Program Files\Gtk+\bin;C:\apache-ant-1.7.1\bin;C:\Program Files\Graphviz2.24\bin"/>
    <property name="basedir" value="C:\workspace-PRT\hibernate-validator-demo"/>
    <property name="maven.mode.standalone" value="true"/>
    <property name="env.M2" value="C:\Program Files\Apache Software Foundation\apache-maven-2.2.1\bin"/>
    <property name="env.USERNAME" value="ANARTAUD"/>
    <property name="env.SystemDrive" value="C:"/>
    <property name="file.encoding" value="Cp1252"/>
    <property name="env.RR" value="C:\Program Files\Lenovo\Rescue and Recovery"/>
    <property name="env.USERDOMAIN" value="CORP"/>
    <property name="java.specification.version" value="1.6"/>
    <property name="env.PROCESSOR_LEVEL" value="6"/>
  </properties>
  <testcase time="0.062" classname="com.company.BootstrapTest" name="testBuildDefaultValidatorFactory"/>
  <testcase time="0.016" classname="com.company.BootstrapTest" name="testByDefaultProvider"/>
  <testcase time="0" classname="com.company.BootstrapTest" name="testByProvider"/>
</testsuite>