<?xml version="1.0" encoding="UTF-8" ?>
<testsuite failures="0" time="0.96" errors="0" skipped="0" tests="1" name="com.batch.velocity.genClass.VelocityCodeTemplateGenClassGenerator">
  <properties>
    <property name="java.runtime.name" value="OpenJDK Runtime Environment"/>
    <property name="sun.boot.library.path" value="/usr/lib/jvm/java-6-openjdk/jre/lib/i386"/>
    <property name="java.vm.version" value="14.0-b16"/>
    <property name="java.vm.vendor" value="Sun Microsystems Inc."/>
    <property name="java.vendor.url" value="http://java.sun.com/"/>
    <property name="path.separator" value=":"/>
    <property name="java.vm.name" value="OpenJDK Server VM"/>
    <property name="file.encoding.pkg" value="sun.io"/>
    <property name="user.country" value="FR"/>
    <property name="sun.java.launcher" value="SUN_STANDARD"/>
    <property name="sun.os.patch.level" value="unknown"/>
    <property name="java.vm.specification.name" value="Java Virtual Machine Specification"/>
    <property name="user.dir" value="/home/artaud/workspace/TemplateCodeProcessor"/>
    <property name="java.runtime.version" value="1.6.0_0-b16"/>
    <property name="java.awt.graphicsenv" value="sun.awt.X11GraphicsEnvironment"/>
    <property name="basedir" value="/home/artaud/workspace/TemplateCodeProcessor"/>
    <property name="java.endorsed.dirs" value="/usr/lib/jvm/java-6-openjdk/jre/lib/endorsed"/>
    <property name="os.arch" value="i386"/>
    <property name="surefire.real.class.path" value="/tmp/surefirebooter2918122859207672611.jar"/>
    <property name="java.io.tmpdir" value="/tmp"/>
    <property name="line.separator" value="
"/>
    <property name="java.vm.specification.vendor" value="Sun Microsystems Inc."/>
    <property name="os.name" value="Linux"/>
    <property name="sun.jnu.encoding" value="UTF-8"/>
    <property name="java.library.path" value="/usr/lib/jvm/java-6-openjdk/jre/lib/i386/server:/usr/lib/jvm/java-6-openjdk/jre/lib/i386:/usr/lib/jvm/java-6-openjdk/jre/../lib/i386:/usr/lib/jvm/java-6-openjdk/jre/lib/i386/client:/usr/lib/jvm/java-6-openjdk/jre/lib/i386:/usr/lib/xulrunner-addons:/usr/lib/xulrunner-addons:/usr/java/packages/lib/i386:/usr/lib/jni:/lib:/usr/lib"/>
    <property name="surefire.test.class.path" value="/home/artaud/workspace/TemplateCodeProcessor/target/test-classes:/home/artaud/workspace/TemplateCodeProcessor/target/classes:/home/artaud/.m2/repository/mysql/mysql-connector-java/5.1.6/mysql-connector-java-5.1.6.jar:/home/artaud/.m2/repository/org/springframework/spring-jdbc/2.5.6/spring-jdbc-2.5.6.jar:/home/artaud/.m2/repository/commons-logging/commons-logging/1.1.1/commons-logging-1.1.1.jar:/home/artaud/.m2/repository/org/springframework/spring-beans/2.5.6/spring-beans-2.5.6.jar:/home/artaud/.m2/repository/org/springframework/spring-core/2.5.6/spring-core-2.5.6.jar:/home/artaud/.m2/repository/org/springframework/spring-context/2.5.6/spring-context-2.5.6.jar:/home/artaud/.m2/repository/aopalliance/aopalliance/1.0/aopalliance-1.0.jar:/home/artaud/.m2/repository/org/springframework/spring-tx/2.5.6/spring-tx-2.5.6.jar:/home/artaud/.m2/repository/org/springframework/batch/spring-batch-core/2.1.0.RELEASE/spring-batch-core-2.1.0.RELEASE.jar:/home/artaud/.m2/repository/org/springframework/batch/spring-batch-infrastructure/2.1.0.RELEASE/spring-batch-infrastructure-2.1.0.RELEASE.jar:/home/artaud/.m2/repository/com/thoughtworks/xstream/xstream/1.3/xstream-1.3.jar:/home/artaud/.m2/repository/xpp3/xpp3_min/1.1.4c/xpp3_min-1.1.4c.jar:/home/artaud/.m2/repository/org/codehaus/jettison/jettison/1.1/jettison-1.1.jar:/home/artaud/.m2/repository/org/springframework/spring-aop/2.5.6/spring-aop-2.5.6.jar:/home/artaud/.m2/repository/org/springframework/spring-aspects/2.5.6/spring-aspects-2.5.6.jar:/home/artaud/.m2/repository/org/aspectj/aspectjrt/1.6.1/aspectjrt-1.6.1.jar:/home/artaud/.m2/repository/org/aspectj/aspectjweaver/1.6.1/aspectjweaver-1.6.1.jar:/home/artaud/.m2/repository/org/springframework/spring/2.5.6/spring-2.5.6.jar:/home/artaud/.m2/repository/org/springframework/spring-jms/2.5.6/spring-jms-2.5.6.jar:/home/artaud/.m2/repository/commons-pool/commons-pool/1.3/commons-pool-1.3.jar:/home/artaud/.m2/repository/org/springframework/spring-context-support/2.5.6/spring-context-support-2.5.6.jar:/home/artaud/.m2/repository/org/springframework/ws/spring-oxm/1.5.5/spring-oxm-1.5.5.jar:/home/artaud/.m2/repository/org/springframework/ws/spring-xml/1.5.5/spring-xml-1.5.5.jar:/home/artaud/.m2/repository/org/springframework/osgi/spring-osgi-core/1.1.2/spring-osgi-core-1.1.2.jar:/home/artaud/.m2/repository/org/springframework/osgi/spring-osgi-io/1.1.2/spring-osgi-io-1.1.2.jar:/home/artaud/.m2/repository/log4j/log4j/1.2.14/log4j-1.2.14.jar:/home/artaud/.m2/repository/junit/junit/4.4/junit-4.4.jar:/home/artaud/.m2/repository/org/springframework/org.springframework.test/2.5.6/org.springframework.test-2.5.6.jar:/home/artaud/.m2/repository/org/apache/commons/com.springsource.org.apache.commons.logging/1.1.1/com.springsource.org.apache.commons.logging-1.1.1.jar:/home/artaud/.m2/repository/jasperreports/jasperreports/3.1.2/jasperreports-3.1.2.jar:/home/artaud/.m2/repository/commons-beanutils/commons-beanutils/1.7.0/commons-beanutils-1.7.0.jar:/home/artaud/.m2/repository/commons-collections/commons-collections/3.2/commons-collections-3.2.jar:/home/artaud/.m2/repository/commons-digester/commons-digester/1.8/commons-digester-1.8.jar:/home/artaud/.m2/repository/com/lowagie/itext/2.1.0/itext-2.1.0.jar:/home/artaud/.m2/repository/bouncycastle/bcmail-jdk14/136/bcmail-jdk14-136.jar:/home/artaud/.m2/repository/bouncycastle/bcprov-jdk14/136/bcprov-jdk14-136.jar:/home/artaud/.m2/repository/jfree/jcommon/1.0.12/jcommon-1.0.12.jar:/home/artaud/.m2/repository/jfree/jfreechart/1.0.9/jfreechart-1.0.9.jar:/home/artaud/.m2/repository/xml-apis/xml-apis/1.3.02/xml-apis-1.3.02.jar:/home/artaud/.m2/repository/eclipse/jdtcore/3.1.0/jdtcore-3.1.0.jar:/home/artaud/.m2/repository/stax/stax/1.2.0/stax-1.2.0.jar:/home/artaud/.m2/repository/stax/stax-api/1.0.1/stax-api-1.0.1.jar:/home/artaud/.m2/repository/org/springframework/batch/spring-batch-test/2.1.0.RELEASE/spring-batch-test-2.1.0.RELEASE.jar:/home/artaud/.m2/repository/org/springframework/spring-test/2.5.6/spring-test-2.5.6.jar:/home/artaud/.m2/repository/commons-io/commons-io/1.4/commons-io-1.4.jar:/home/artaud/.m2/repository/commons-dbcp/commons-dbcp/1.2.2/commons-dbcp-1.2.2.jar:/home/artaud/.m2/repository/commons-lang/commons-lang/2.4/commons-lang-2.4.jar:/home/artaud/.m2/repository/org/apache/velocity/velocity/1.6.3/velocity-1.6.3.jar:/home/artaud/.m2/repository/oro/oro/2.0.8/oro-2.0.8.jar:/home/artaud/.m2/repository/org/apache/velocity/velocity-tools/1.3/velocity-tools-1.3.jar:/home/artaud/.m2/repository/commons-validator/commons-validator/1.3.1/commons-validator-1.3.1.jar:/home/artaud/.m2/repository/javax/servlet/servlet-api/2.3/servlet-api-2.3.jar:/home/artaud/.m2/repository/sslext/sslext/1.2-0/sslext-1.2-0.jar:/home/artaud/.m2/repository/struts/struts/1.2.9/struts-1.2.9.jar:/home/artaud/.m2/repository/commons-fileupload/commons-fileupload/1.0/commons-fileupload-1.0.jar:/home/artaud/.m2/repository/antlr/antlr/2.7.2/antlr-2.7.2.jar:/home/artaud/.m2/repository/xalan/xalan/2.5.1/xalan-2.5.1.jar:/home/artaud/.m2/repository/velocity/velocity/1.4/velocity-1.4.jar:/home/artaud/.m2/repository/velocity/velocity-dep/1.4/velocity-dep-1.4.jar:/home/artaud/.m2/repository/org/codehaus/castor/castor-xml/1.3.1/castor-xml-1.3.1.jar:/home/artaud/.m2/repository/org/codehaus/castor/castor-core/1.3.1/castor-core-1.3.1.jar:/home/artaud/.m2/repository/org/codehaus/castor/castor-codegen/1.3.1/castor-codegen-1.3.1.jar:/home/artaud/.m2/repository/org/codehaus/castor/castor-xml-schema/1.3.1/castor-xml-schema-1.3.1.jar:"/>
    <property name="java.specification.name" value="Java Platform API Specification"/>
    <property name="java.class.version" value="50.0"/>
    <property name="sun.management.compiler" value="HotSpot Tiered Compilers"/>
    <property name="os.version" value="2.6.31-14-generic"/>
    <property name="user.home" value="/home/artaud"/>
    <property name="user.timezone" value="Europe/Paris"/>
    <property name="user.zoneinfo.dir" value="/usr/share/javazi"/>
    <property name="java.awt.printerjob" value="sun.print.PSPrinterJob"/>
    <property name="java.specification.version" value="1.6"/>
    <property name="file.encoding" value="UTF-8"/>
    <property name="user.name" value="artaud"/>
    <property name="java.class.path" value="/home/artaud/workspace/TemplateCodeProcessor/target/test-classes:/home/artaud/workspace/TemplateCodeProcessor/target/classes:/home/artaud/.m2/repository/mysql/mysql-connector-java/5.1.6/mysql-connector-java-5.1.6.jar:/home/artaud/.m2/repository/org/springframework/spring-jdbc/2.5.6/spring-jdbc-2.5.6.jar:/home/artaud/.m2/repository/commons-logging/commons-logging/1.1.1/commons-logging-1.1.1.jar:/home/artaud/.m2/repository/org/springframework/spring-beans/2.5.6/spring-beans-2.5.6.jar:/home/artaud/.m2/repository/org/springframework/spring-core/2.5.6/spring-core-2.5.6.jar:/home/artaud/.m2/repository/org/springframework/spring-context/2.5.6/spring-context-2.5.6.jar:/home/artaud/.m2/repository/aopalliance/aopalliance/1.0/aopalliance-1.0.jar:/home/artaud/.m2/repository/org/springframework/spring-tx/2.5.6/spring-tx-2.5.6.jar:/home/artaud/.m2/repository/org/springframework/batch/spring-batch-core/2.1.0.RELEASE/spring-batch-core-2.1.0.RELEASE.jar:/home/artaud/.m2/repository/org/springframework/batch/spring-batch-infrastructure/2.1.0.RELEASE/spring-batch-infrastructure-2.1.0.RELEASE.jar:/home/artaud/.m2/repository/com/thoughtworks/xstream/xstream/1.3/xstream-1.3.jar:/home/artaud/.m2/repository/xpp3/xpp3_min/1.1.4c/xpp3_min-1.1.4c.jar:/home/artaud/.m2/repository/org/codehaus/jettison/jettison/1.1/jettison-1.1.jar:/home/artaud/.m2/repository/org/springframework/spring-aop/2.5.6/spring-aop-2.5.6.jar:/home/artaud/.m2/repository/org/springframework/spring-aspects/2.5.6/spring-aspects-2.5.6.jar:/home/artaud/.m2/repository/org/aspectj/aspectjrt/1.6.1/aspectjrt-1.6.1.jar:/home/artaud/.m2/repository/org/aspectj/aspectjweaver/1.6.1/aspectjweaver-1.6.1.jar:/home/artaud/.m2/repository/org/springframework/spring/2.5.6/spring-2.5.6.jar:/home/artaud/.m2/repository/org/springframework/spring-jms/2.5.6/spring-jms-2.5.6.jar:/home/artaud/.m2/repository/commons-pool/commons-pool/1.3/commons-pool-1.3.jar:/home/artaud/.m2/repository/org/springframework/spring-context-support/2.5.6/spring-context-support-2.5.6.jar:/home/artaud/.m2/repository/org/springframework/ws/spring-oxm/1.5.5/spring-oxm-1.5.5.jar:/home/artaud/.m2/repository/org/springframework/ws/spring-xml/1.5.5/spring-xml-1.5.5.jar:/home/artaud/.m2/repository/org/springframework/osgi/spring-osgi-core/1.1.2/spring-osgi-core-1.1.2.jar:/home/artaud/.m2/repository/org/springframework/osgi/spring-osgi-io/1.1.2/spring-osgi-io-1.1.2.jar:/home/artaud/.m2/repository/log4j/log4j/1.2.14/log4j-1.2.14.jar:/home/artaud/.m2/repository/junit/junit/4.4/junit-4.4.jar:/home/artaud/.m2/repository/org/springframework/org.springframework.test/2.5.6/org.springframework.test-2.5.6.jar:/home/artaud/.m2/repository/org/apache/commons/com.springsource.org.apache.commons.logging/1.1.1/com.springsource.org.apache.commons.logging-1.1.1.jar:/home/artaud/.m2/repository/jasperreports/jasperreports/3.1.2/jasperreports-3.1.2.jar:/home/artaud/.m2/repository/commons-beanutils/commons-beanutils/1.7.0/commons-beanutils-1.7.0.jar:/home/artaud/.m2/repository/commons-collections/commons-collections/3.2/commons-collections-3.2.jar:/home/artaud/.m2/repository/commons-digester/commons-digester/1.8/commons-digester-1.8.jar:/home/artaud/.m2/repository/com/lowagie/itext/2.1.0/itext-2.1.0.jar:/home/artaud/.m2/repository/bouncycastle/bcmail-jdk14/136/bcmail-jdk14-136.jar:/home/artaud/.m2/repository/bouncycastle/bcprov-jdk14/136/bcprov-jdk14-136.jar:/home/artaud/.m2/repository/jfree/jcommon/1.0.12/jcommon-1.0.12.jar:/home/artaud/.m2/repository/jfree/jfreechart/1.0.9/jfreechart-1.0.9.jar:/home/artaud/.m2/repository/xml-apis/xml-apis/1.3.02/xml-apis-1.3.02.jar:/home/artaud/.m2/repository/eclipse/jdtcore/3.1.0/jdtcore-3.1.0.jar:/home/artaud/.m2/repository/stax/stax/1.2.0/stax-1.2.0.jar:/home/artaud/.m2/repository/stax/stax-api/1.0.1/stax-api-1.0.1.jar:/home/artaud/.m2/repository/org/springframework/batch/spring-batch-test/2.1.0.RELEASE/spring-batch-test-2.1.0.RELEASE.jar:/home/artaud/.m2/repository/org/springframework/spring-test/2.5.6/spring-test-2.5.6.jar:/home/artaud/.m2/repository/commons-io/commons-io/1.4/commons-io-1.4.jar:/home/artaud/.m2/repository/commons-dbcp/commons-dbcp/1.2.2/commons-dbcp-1.2.2.jar:/home/artaud/.m2/repository/commons-lang/commons-lang/2.4/commons-lang-2.4.jar:/home/artaud/.m2/repository/org/apache/velocity/velocity/1.6.3/velocity-1.6.3.jar:/home/artaud/.m2/repository/oro/oro/2.0.8/oro-2.0.8.jar:/home/artaud/.m2/repository/org/apache/velocity/velocity-tools/1.3/velocity-tools-1.3.jar:/home/artaud/.m2/repository/commons-validator/commons-validator/1.3.1/commons-validator-1.3.1.jar:/home/artaud/.m2/repository/javax/servlet/servlet-api/2.3/servlet-api-2.3.jar:/home/artaud/.m2/repository/sslext/sslext/1.2-0/sslext-1.2-0.jar:/home/artaud/.m2/repository/struts/struts/1.2.9/struts-1.2.9.jar:/home/artaud/.m2/repository/commons-fileupload/commons-fileupload/1.0/commons-fileupload-1.0.jar:/home/artaud/.m2/repository/antlr/antlr/2.7.2/antlr-2.7.2.jar:/home/artaud/.m2/repository/xalan/xalan/2.5.1/xalan-2.5.1.jar:/home/artaud/.m2/repository/velocity/velocity/1.4/velocity-1.4.jar:/home/artaud/.m2/repository/velocity/velocity-dep/1.4/velocity-dep-1.4.jar:/home/artaud/.m2/repository/org/codehaus/castor/castor-xml/1.3.1/castor-xml-1.3.1.jar:/home/artaud/.m2/repository/org/codehaus/castor/castor-core/1.3.1/castor-core-1.3.1.jar:/home/artaud/.m2/repository/org/codehaus/castor/castor-codegen/1.3.1/castor-codegen-1.3.1.jar:/home/artaud/.m2/repository/org/codehaus/castor/castor-xml-schema/1.3.1/castor-xml-schema-1.3.1.jar:"/>
    <property name="java.vm.specification.version" value="1.0"/>
    <property name="sun.arch.data.model" value="32"/>
    <property name="java.home" value="/usr/lib/jvm/java-6-openjdk/jre"/>
    <property name="java.specification.vendor" value="Sun Microsystems Inc."/>
    <property name="user.language" value="fr"/>
    <property name="java.vm.info" value="mixed mode"/>
    <property name="java.version" value="1.6.0_0"/>
    <property name="java.ext.dirs" value="/usr/lib/jvm/java-6-openjdk/jre/lib/ext:/usr/java/packages/lib/ext"/>
    <property name="sun.boot.class.path" value="/usr/lib/jvm/java-6-openjdk/jre/lib/resources.jar:/usr/lib/jvm/java-6-openjdk/jre/lib/rt.jar:/usr/lib/jvm/java-6-openjdk/jre/lib/sunrsasign.jar:/usr/lib/jvm/java-6-openjdk/jre/lib/jsse.jar:/usr/lib/jvm/java-6-openjdk/jre/lib/jce.jar:/usr/lib/jvm/java-6-openjdk/jre/lib/charsets.jar:/usr/lib/jvm/java-6-openjdk/jre/lib/rhino.jar:/usr/lib/jvm/java-6-openjdk/jre/classes"/>
    <property name="java.vendor" value="Sun Microsystems Inc."/>
    <property name="localRepository" value="/home/artaud/.m2/repository"/>
    <property name="file.separator" value="/"/>
    <property name="java.vendor.url.bug" value="http://java.sun.com/cgi-bin/bugreport.cgi"/>
    <property name="sun.cpu.endian" value="little"/>
    <property name="sun.io.unicode.encoding" value="UnicodeLittle"/>
    <property name="sun.desktop" value="gnome"/>
    <property name="sun.cpu.isalist" value=""/>
  </properties>
  <testcase time="0.076" classname="com.batch.velocity.genClass.VelocityCodeTemplateGenClassGenerator" name="testFlatReaderItemToVelocityProcessor"/>
</testsuite>