<?xml version="1.0" encoding="UTF-8" ?>
<testsuite failures="0" time="4.697" errors="0" skipped="0" tests="1" name="org.springbyexample.jms.JmsMessageListenerTest">
  <properties>
    <property name="java.runtime.name" value="Java(TM) SE Runtime Environment"/>
    <property name="sun.boot.library.path" value="C:\Program Files\Java\jdk1.6.0_11\jre\bin"/>
    <property name="java.vm.version" value="11.0-b16"/>
    <property name="java.vm.vendor" value="Sun Microsystems Inc."/>
    <property name="java.vendor.url" value="http://java.sun.com/"/>
    <property name="path.separator" value=";"/>
    <property name="java.vm.name" value="Java HotSpot(TM) Client VM"/>
    <property name="file.encoding.pkg" value="sun.io"/>
    <property name="user.country" value="FR"/>
    <property name="sun.java.launcher" value="SUN_STANDARD"/>
    <property name="sun.os.patch.level" value="Service Pack 2"/>
    <property name="java.vm.specification.name" value="Java Virtual Machine Specification"/>
    <property name="user.dir" value="C:\workspace\simple-jms"/>
    <property name="java.runtime.version" value="1.6.0_11-b03"/>
    <property name="java.awt.graphicsenv" value="sun.awt.Win32GraphicsEnvironment"/>
    <property name="basedir" value="C:\workspace\simple-jms"/>
    <property name="java.endorsed.dirs" value="C:\Program Files\Java\jdk1.6.0_11\jre\lib\endorsed"/>
    <property name="os.arch" value="x86"/>
    <property name="surefire.real.class.path" value="C:\Users\artaud\AppData\Local\Temp\surefirebooter1801551854917825871.jar"/>
    <property name="java.io.tmpdir" value="C:\Users\artaud\AppData\Local\Temp\"/>
    <property name="line.separator" value="
"/>
    <property name="java.vm.specification.vendor" value="Sun Microsystems Inc."/>
    <property name="user.variant" value=""/>
    <property name="os.name" value="Windows Vista"/>
    <property name="sun.jnu.encoding" value="Cp1252"/>
    <property name="java.library.path" value="C:\Program Files\Java\jdk1.6.0_11\jre\bin;.;C:\Windows\Sun\Java\bin;C:\Windows\system32;C:\Windows;C:/Program Files/Java/jre6/bin/client;C:/Program Files/Java/jre6/bin;C:\oraclexe\app\oracle\product\10.2.0\server\bin;C:\Program Files\Nokia\PC Connectivity Solution\;C:\Program Files\ActiveState Komodo Edit 5\;C:\Program Files\Tcl\bin;C:\gcc\bin;C:\gcc\libexec\gcc\i386-pc-mingw32\4.4.0;C:\Perl\site\bin;C:\Perl\bin;C:\Windows\system32;C:\Windows;C:\Windows\System32\Wbem;C:\hp\bin\Python;C:\Program Files\Microsoft SQL Server\100\Tools\Binn\;C:\Program Files\Microsoft SQL Server\100\DTS\Binn\;C:\Program Files\Common Files\GTK\2.0;C:\gcc\bin;C:\gcc\libexec\gcc\i386-pc-mingw32\4.4.0;C:\Perl\site\bin;C:\Perl\bin;C:\Windows\system32;C:\Windows;C:\Windows\System32\Wbem;C:\hp\bin\Python;C:\Program Files\Microsoft SQL Server\100\Tools\Binn\;C:\Program Files\Microsoft SQL Server\100\DTS\Binn\;C:\Program Files\QuickTime\QTSystem\;C:\Program Files\Graphviz2.24\bin;C:\GTK\2.0\bin;C:\Program Files\Java\jdk1.6.0_11\bin;C:\apache-maven-2.0.9\bin;C:\Program Files\IDM Computer Solutions\UltraEdit-32;C:\gcc\bin;C:\Program Files\Common Files\GTK\2.0;C:\Program Files\Gtk+\bin;C:\Gtk+\bin;C:\apache-ant-1.7.1\bin"/>
    <property name="surefire.test.class.path" value="C:\workspace\simple-jms\target\test-classes;C:\workspace\simple-jms\target\classes;C:\Users\artaud\.m2\repository\javax\servlet\servlet-api\2.5\servlet-api-2.5.jar;C:\Users\artaud\.m2\repository\org\junit\com.springsource.org.junit\4.7.0\com.springsource.org.junit-4.7.0.jar;C:\Users\artaud\.m2\repository\org\springframework\org.springframework.test\3.0.0.RELEASE\org.springframework.test-3.0.0.RELEASE.jar;C:\Users\artaud\.m2\repository\org\springframework\org.springframework.beans\3.0.0.RELEASE\org.springframework.beans-3.0.0.RELEASE.jar;C:\Users\artaud\.m2\repository\org\springframework\org.springframework.core\3.0.0.RELEASE\org.springframework.core-3.0.0.RELEASE.jar;C:\Users\artaud\.m2\repository\org\springframework\org.springframework.asm\3.0.0.RELEASE\org.springframework.asm-3.0.0.RELEASE.jar;C:\Users\artaud\.m2\repository\org\springframework\org.springframework.context\3.0.0.RELEASE\org.springframework.context-3.0.0.RELEASE.jar;C:\Users\artaud\.m2\repository\org\springframework\org.springframework.aop\3.0.0.RELEASE\org.springframework.aop-3.0.0.RELEASE.jar;C:\Users\artaud\.m2\repository\org\aopalliance\com.springsource.org.aopalliance\1.0.0\com.springsource.org.aopalliance-1.0.0.jar;C:\Users\artaud\.m2\repository\org\springframework\org.springframework.expression\3.0.0.RELEASE\org.springframework.expression-3.0.0.RELEASE.jar;C:\Users\artaud\.m2\repository\org\springframework\org.springframework.context.support\3.0.0.RELEASE\org.springframework.context.support-3.0.0.RELEASE.jar;C:\Users\artaud\.m2\repository\org\springframework\org.springframework.jms\3.0.0.RELEASE\org.springframework.jms-3.0.0.RELEASE.jar;C:\Users\artaud\.m2\repository\org\springframework\org.springframework.transaction\3.0.0.RELEASE\org.springframework.transaction-3.0.0.RELEASE.jar;C:\Users\artaud\.m2\repository\org\apache\activemq\com.springsource.org.apache.activemq\5.3.0\com.springsource.org.apache.activemq-5.3.0.jar;C:\Users\artaud\.m2\repository\org\apache\activemq\com.springsource.org.apache.kahadb\5.3.0\com.springsource.org.apache.kahadb-5.3.0.jar;C:\Users\artaud\.m2\repository\org\apache\commons\com.springsource.org.apache.commons.logging\99.0-does-not-exist\com.springsource.org.apache.commons.logging-99.0-does-not-exist.jar;C:\Users\artaud\.m2\repository\org\apache\xbean\com.springsource.org.apache.xbean.spring\3.6.0\com.springsource.org.apache.xbean.spring-3.6.0.jar;C:\Users\artaud\.m2\repository\org\apache\geronimo\specs\com.springsource.javax.management.j2ee\1.0.1\com.springsource.javax.management.j2ee-1.0.1.jar;C:\Users\artaud\.m2\repository\javax\annotation\com.springsource.javax.annotation\1.0.0\com.springsource.javax.annotation-1.0.0.jar;C:\Users\artaud\.m2\repository\javax\jms\com.springsource.javax.jms\1.1.0\com.springsource.javax.jms-1.1.0.jar;C:\Users\artaud\.m2\repository\org\slf4j\com.springsource.slf4j.api\1.5.10\com.springsource.slf4j.api-1.5.10.jar;C:\Users\artaud\.m2\repository\org\slf4j\com.springsource.slf4j.org.apache.commons.logging\1.5.10\com.springsource.slf4j.org.apache.commons.logging-1.5.10.jar;C:\Users\artaud\.m2\repository\ch\qos\logback\com.springsource.ch.qos.logback.classic\0.9.15\com.springsource.ch.qos.logback.classic-0.9.15.jar;C:\Users\artaud\.m2\repository\ch\qos\logback\com.springsource.ch.qos.logback.core\0.9.15\com.springsource.ch.qos.logback.core-0.9.15.jar;"/>
    <property name="java.specification.name" value="Java Platform API Specification"/>
    <property name="java.class.version" value="50.0"/>
    <property name="sun.management.compiler" value="HotSpot Client Compiler"/>
    <property name="os.version" value="6.0"/>
    <property name="user.home" value="C:\Users\artaud"/>
    <property name="user.timezone" value="Europe/Paris"/>
    <property name="java.awt.printerjob" value="sun.awt.windows.WPrinterJob"/>
    <property name="java.specification.version" value="1.6"/>
    <property name="file.encoding" value="Cp1252"/>
    <property name="user.name" value="artaud"/>
    <property name="java.class.path" value="C:\workspace\simple-jms\target\test-classes;C:\workspace\simple-jms\target\classes;C:\Users\artaud\.m2\repository\javax\servlet\servlet-api\2.5\servlet-api-2.5.jar;C:\Users\artaud\.m2\repository\org\junit\com.springsource.org.junit\4.7.0\com.springsource.org.junit-4.7.0.jar;C:\Users\artaud\.m2\repository\org\springframework\org.springframework.test\3.0.0.RELEASE\org.springframework.test-3.0.0.RELEASE.jar;C:\Users\artaud\.m2\repository\org\springframework\org.springframework.beans\3.0.0.RELEASE\org.springframework.beans-3.0.0.RELEASE.jar;C:\Users\artaud\.m2\repository\org\springframework\org.springframework.core\3.0.0.RELEASE\org.springframework.core-3.0.0.RELEASE.jar;C:\Users\artaud\.m2\repository\org\springframework\org.springframework.asm\3.0.0.RELEASE\org.springframework.asm-3.0.0.RELEASE.jar;C:\Users\artaud\.m2\repository\org\springframework\org.springframework.context\3.0.0.RELEASE\org.springframework.context-3.0.0.RELEASE.jar;C:\Users\artaud\.m2\repository\org\springframework\org.springframework.aop\3.0.0.RELEASE\org.springframework.aop-3.0.0.RELEASE.jar;C:\Users\artaud\.m2\repository\org\aopalliance\com.springsource.org.aopalliance\1.0.0\com.springsource.org.aopalliance-1.0.0.jar;C:\Users\artaud\.m2\repository\org\springframework\org.springframework.expression\3.0.0.RELEASE\org.springframework.expression-3.0.0.RELEASE.jar;C:\Users\artaud\.m2\repository\org\springframework\org.springframework.context.support\3.0.0.RELEASE\org.springframework.context.support-3.0.0.RELEASE.jar;C:\Users\artaud\.m2\repository\org\springframework\org.springframework.jms\3.0.0.RELEASE\org.springframework.jms-3.0.0.RELEASE.jar;C:\Users\artaud\.m2\repository\org\springframework\org.springframework.transaction\3.0.0.RELEASE\org.springframework.transaction-3.0.0.RELEASE.jar;C:\Users\artaud\.m2\repository\org\apache\activemq\com.springsource.org.apache.activemq\5.3.0\com.springsource.org.apache.activemq-5.3.0.jar;C:\Users\artaud\.m2\repository\org\apache\activemq\com.springsource.org.apache.kahadb\5.3.0\com.springsource.org.apache.kahadb-5.3.0.jar;C:\Users\artaud\.m2\repository\org\apache\commons\com.springsource.org.apache.commons.logging\99.0-does-not-exist\com.springsource.org.apache.commons.logging-99.0-does-not-exist.jar;C:\Users\artaud\.m2\repository\org\apache\xbean\com.springsource.org.apache.xbean.spring\3.6.0\com.springsource.org.apache.xbean.spring-3.6.0.jar;C:\Users\artaud\.m2\repository\org\apache\geronimo\specs\com.springsource.javax.management.j2ee\1.0.1\com.springsource.javax.management.j2ee-1.0.1.jar;C:\Users\artaud\.m2\repository\javax\annotation\com.springsource.javax.annotation\1.0.0\com.springsource.javax.annotation-1.0.0.jar;C:\Users\artaud\.m2\repository\javax\jms\com.springsource.javax.jms\1.1.0\com.springsource.javax.jms-1.1.0.jar;C:\Users\artaud\.m2\repository\org\slf4j\com.springsource.slf4j.api\1.5.10\com.springsource.slf4j.api-1.5.10.jar;C:\Users\artaud\.m2\repository\org\slf4j\com.springsource.slf4j.org.apache.commons.logging\1.5.10\com.springsource.slf4j.org.apache.commons.logging-1.5.10.jar;C:\Users\artaud\.m2\repository\ch\qos\logback\com.springsource.ch.qos.logback.classic\0.9.15\com.springsource.ch.qos.logback.classic-0.9.15.jar;C:\Users\artaud\.m2\repository\ch\qos\logback\com.springsource.ch.qos.logback.core\0.9.15\com.springsource.ch.qos.logback.core-0.9.15.jar;"/>
    <property name="java.vm.specification.version" value="1.0"/>
    <property name="sun.arch.data.model" value="32"/>
    <property name="java.home" value="C:\Program Files\Java\jdk1.6.0_11\jre"/>
    <property name="java.specification.vendor" value="Sun Microsystems Inc."/>
    <property name="user.language" value="fr"/>
    <property name="awt.toolkit" value="sun.awt.windows.WToolkit"/>
    <property name="java.vm.info" value="mixed mode, sharing"/>
    <property name="java.version" value="1.6.0_11"/>
    <property name="java.ext.dirs" value="C:\Program Files\Java\jdk1.6.0_11\jre\lib\ext;C:\Windows\Sun\Java\lib\ext"/>
    <property name="sun.boot.class.path" value="C:\Program Files\Java\jdk1.6.0_11\jre\lib\resources.jar;C:\Program Files\Java\jdk1.6.0_11\jre\lib\rt.jar;C:\Program Files\Java\jdk1.6.0_11\jre\lib\sunrsasign.jar;C:\Program Files\Java\jdk1.6.0_11\jre\lib\jsse.jar;C:\Program Files\Java\jdk1.6.0_11\jre\lib\jce.jar;C:\Program Files\Java\jdk1.6.0_11\jre\lib\charsets.jar;C:\Program Files\Java\jdk1.6.0_11\jre\classes"/>
    <property name="java.vendor" value="Sun Microsystems Inc."/>
    <property name="localRepository" value="C:\Users\artaud\.m2\repository"/>
    <property name="file.separator" value="\"/>
    <property name="java.vendor.url.bug" value="http://java.sun.com/cgi-bin/bugreport.cgi"/>
    <property name="sun.cpu.endian" value="little"/>
    <property name="sun.io.unicode.encoding" value="UnicodeLittle"/>
    <property name="sun.desktop" value="windows"/>
    <property name="sun.cpu.isalist" value="pentium_pro+mmx pentium_pro pentium+mmx pentium i486 i386 i86"/>
  </properties>
  <testcase time="4.656" classname="org.springbyexample.jms.JmsMessageListenerTest" name="testMessage"/>
</testsuite>